[18/10/2019 16:53:38 CDT]:EXCEPTION: Applicacion: T3BAppAlmacen Clase: t3b.appalmacen.utils.Config Metodo: cargaConfig EXCEPTION: null
[18/10/2019 16:53:38 CDT]:EXCEPTION: Applicacion: T3BCore Clase: t3b.core.utils.Config Metodo: cargaConfig EXCEPTION: null
[18/10/2019 16:53:38 CDT]:NORMAL Excepcion: INICIO DE APLICACION
[18/10/2019 16:53:38 CDT]:NORMAL Excepcion: CARGA DE LIBRERIAS
[18/10/2019 16:53:38 CDT]:EXCEPTION: Applicacion: T3BAppAlmacen Clase: t3b.appalmacen.utils.Config Metodo: cargaConfig EXCEPTION: null
[18/10/2019 16:53:39 CDT]:EXCEPTION: Applicacion: T3BFramework Clase: t3b.framework Metodo: cargarJARS EXCEPTION: t3b.login.controller.Controlador
[23/10/2019 15:06:47 CDT]:NORMAL Excepcion: INICIO DE APLICACION
[23/10/2019 15:06:47 CDT]:NORMAL Excepcion: CARGA DE LIBRERIAS
[23/10/2019 15:06:47 CDT]:EXCEPTION: Applicacion: T3BFramework Clase: t3b.framework Metodo: cargarJARS EXCEPTION: com.t3b.pv.t3blogin.controller.Controlador
[23/10/2019 15:10:53 CDT]:NORMAL Excepcion: INICIO DE APLICACION
[23/10/2019 15:10:53 CDT]:NORMAL Excepcion: CARGA DE LIBRERIAS
[23/10/2019 15:10:53 CDT]:EXCEPTION: Applicacion: T3BFramework Clase: t3b.framework Metodo: cargarJARS EXCEPTION: null
[23/10/2019 15:16:09 CDT]:NORMAL Excepcion: INICIO DE APLICACION
[23/10/2019 15:16:09 CDT]:NORMAL Excepcion: CARGA DE LIBRERIAS
[23/10/2019 15:16:09 CDT]:EXCEPTION: Applicacion: T3BFramework Clase: t3b.framework Metodo: cargarJARS EXCEPTION: null
[23/10/2019 15:16:49 CDT]:NORMAL Excepcion: INICIO DE APLICACION
[23/10/2019 15:16:49 CDT]:NORMAL Excepcion: CARGA DE LIBRERIAS
[23/10/2019 15:16:49 CDT]:EXCEPTION: Applicacion: T3BFramework Clase: t3b.framework Metodo: cargarJARS EXCEPTION: null
[23/10/2019 15:22:07 CDT]:NORMAL Excepcion: INICIO DE APLICACION
[23/10/2019 15:22:07 CDT]:NORMAL Excepcion: CARGA DE LIBRERIAS
[23/10/2019 15:22:08 CDT]:EXCEPTION: Applicacion: T3BFramework Clase: t3b.framework Metodo: cargarJARS EXCEPTION: null
[23/10/2019 15:23:58 CDT]:NORMAL Excepcion: INICIO DE APLICACION
[23/10/2019 15:23:58 CDT]:NORMAL Excepcion: CARGA DE LIBRERIAS
[23/10/2019 15:26:25 CDT]:NORMAL Excepcion: INICIO DE APLICACION
[23/10/2019 15:26:25 CDT]:NORMAL Excepcion: CARGA DE LIBRERIAS
[23/10/2019 15:28:50 CDT]:NORMAL Excepcion: INICIO DE APLICACION
[23/10/2019 15:28:50 CDT]:NORMAL Excepcion: CARGA DE LIBRERIAS
[23/10/2019 15:32:19 CDT]:NORMAL Excepcion: INICIO DE APLICACION
[23/10/2019 15:32:19 CDT]:NORMAL Excepcion: CARGA DE LIBRERIAS
[23/10/2019 15:43:35 CDT]:EXCEPTION: Applicacion: T3BFramework Clase: t3b.framework Metodo: cargarJARS EXCEPTION: null
[23/10/2019 15:56:08 CDT]:NORMAL Excepcion: INICIO DE APLICACION
[23/10/2019 15:56:08 CDT]:NORMAL Excepcion: CARGA DE LIBRERIAS
[23/10/2019 15:56:09 CDT]:NORMAL Excepcion: Login: Accion: showLogin
[23/10/2019 16:16:18 CDT]:NORMAL Excepcion: INICIO DE APLICACION
[23/10/2019 16:16:18 CDT]:NORMAL Excepcion: CARGA DE LIBRERIAS
[23/10/2019 16:16:18 CDT]:EXCEPTION: Applicacion: T3BFramework Clase: t3b.framework Metodo: cargarJARS EXCEPTION: null
[23/10/2019 16:26:57 CDT]:NORMAL Excepcion: INICIO DE APLICACION
[23/10/2019 16:26:57 CDT]:NORMAL Excepcion: CARGA DE LIBRERIAS
[23/10/2019 16:26:58 CDT]:NORMAL Excepcion: Login: Accion: showLogin
[23/10/2019 16:30:16 CDT]:NORMAL Excepcion: INICIO DE APLICACION
[23/10/2019 16:30:16 CDT]:NORMAL Excepcion: CARGA DE LIBRERIAS
[23/10/2019 16:30:16 CDT]:EXCEPTION: Applicacion: T3BFramework Clase: t3b.framework Metodo: cargarJARS EXCEPTION: null
[24/10/2019 09:24:01 CDT]:NORMAL Excepcion: INICIO DE APLICACION
[24/10/2019 09:24:01 CDT]:NORMAL Excepcion: CARGA DE LIBRERIAS
[24/10/2019 09:24:01 CDT]:NORMAL Excepcion: Login: Accion: showLogin
[24/10/2019 09:26:40 CDT]:NORMAL Excepcion: INICIO DE APLICACION
[24/10/2019 09:26:40 CDT]:NORMAL Excepcion: CARGA DE LIBRERIAS
[24/10/2019 09:26:41 CDT]:NORMAL Excepcion: Login: Accion: showLogin
[24/10/2019 09:29:08 CDT]:NORMAL Excepcion: INICIO DE APLICACION
[24/10/2019 09:29:08 CDT]:NORMAL Excepcion: CARGA DE LIBRERIAS
[24/10/2019 09:29:08 CDT]:NORMAL Excepcion: Login: Accion: showLogin
[24/10/2019 09:30:13 CDT]:NORMAL Excepcion: Login: Accion: validaLogin
[24/10/2019 09:30:18 CDT]:NORMAL Excepcion: Login: Accion: validaLogin
[24/10/2019 09:30:18 CDT]:NORMAL Excepcion: Login: validaLogin Res: Verdadero User:sistemasPassword: dasta1234
[24/10/2019 09:37:21 CDT]:NORMAL Excepcion: INICIO DE APLICACION
[24/10/2019 09:37:21 CDT]:NORMAL Excepcion: CARGA DE LIBRERIAS
[24/10/2019 09:37:22 CDT]:NORMAL Excepcion: Login: Accion: showLogin
[24/10/2019 09:37:30 CDT]:NORMAL Excepcion: Login: Accion: validaLogin
[24/10/2019 09:37:30 CDT]:NORMAL Excepcion: Login: validaLogin Res: Verdadero User:sistemasPassword: dasta1234
[24/10/2019 09:39:56 CDT]:NORMAL Excepcion: INICIO DE APLICACION
[24/10/2019 09:39:56 CDT]:NORMAL Excepcion: CARGA DE LIBRERIAS
[24/10/2019 09:39:57 CDT]:NORMAL Excepcion: Login: Accion: showLogin
[24/10/2019 09:40:02 CDT]:NORMAL Excepcion: Login: Accion: validaLogin
[24/10/2019 09:40:07 CDT]:NORMAL Excepcion: Login: Accion: validaLogin
[24/10/2019 09:40:07 CDT]:NORMAL Excepcion: Login: validaLogin Res: Verdadero User:sistemasPassword: dasta1234
[24/10/2019 09:42:05 CDT]:NORMAL Excepcion: INICIO DE APLICACION
[24/10/2019 09:42:05 CDT]:NORMAL Excepcion: CARGA DE LIBRERIAS
[24/10/2019 09:42:13 CDT]:NORMAL Excepcion: Login: Accion: showLogin
[24/10/2019 09:42:23 CDT]:NORMAL Excepcion: Login: Accion: validaLogin
[24/10/2019 09:42:23 CDT]:NORMAL Excepcion: Login: validaLogin Res: Verdadero User:sistemasPassword: dasta1234
[24/10/2019 09:47:48 CDT]:NORMAL Excepcion: INICIO DE APLICACION
[24/10/2019 09:47:48 CDT]:NORMAL Excepcion: CARGA DE LIBRERIAS
[24/10/2019 09:47:48 CDT]:NORMAL Excepcion: Login: Accion: showLogin
[24/10/2019 09:47:53 CDT]:NORMAL Excepcion: Login: Accion: validaLogin
[24/10/2019 09:47:53 CDT]:NORMAL Excepcion: Login: validaLogin Res: Verdadero User:sistemasPassword: dasta1234
[24/10/2019 10:03:12 CDT]:NORMAL Excepcion: INICIO DE APLICACION
[24/10/2019 10:03:12 CDT]:NORMAL Excepcion: CARGA DE LIBRERIAS
[24/10/2019 10:03:12 CDT]:NORMAL Excepcion: Login: Accion: showLogin
[24/10/2019 10:03:17 CDT]:NORMAL Excepcion: Login: Accion: validaLogin
[24/10/2019 10:03:17 CDT]:NORMAL Excepcion: Login: validaLogin Res: Verdadero User:sistemasPassword: dasta1234
[24/10/2019 10:09:41 CDT]:NORMAL Excepcion: INICIO DE APLICACION
[24/10/2019 10:09:41 CDT]:NORMAL Excepcion: CARGA DE LIBRERIAS
[24/10/2019 10:09:42 CDT]:NORMAL Excepcion: Login: Accion: showLogin
[24/10/2019 10:09:47 CDT]:NORMAL Excepcion: Login: Accion: validaLogin
[24/10/2019 10:09:47 CDT]:NORMAL Excepcion: Login: validaLogin Res: Verdadero User:sistemasPassword: dasta1234
[24/10/2019 10:10:07 CDT]:NORMAL Excepcion: INICIO DE APLICACION
[24/10/2019 10:10:07 CDT]:NORMAL Excepcion: CARGA DE LIBRERIAS
[24/10/2019 10:10:08 CDT]:NORMAL Excepcion: Login: Accion: showLogin
[24/10/2019 10:10:12 CDT]:NORMAL Excepcion: Login: Accion: validaLogin
[24/10/2019 10:10:12 CDT]:NORMAL Excepcion: Login: validaLogin Res: Verdadero User:sistemasPassword: dasta1234
[24/10/2019 10:11:08 CDT]:NORMAL Excepcion: INICIO DE APLICACION
[24/10/2019 10:11:08 CDT]:NORMAL Excepcion: CARGA DE LIBRERIAS
[24/10/2019 10:11:09 CDT]:NORMAL Excepcion: Login: Accion: showLogin
[24/10/2019 10:11:13 CDT]:NORMAL Excepcion: Login: Accion: validaLogin
[24/10/2019 10:11:13 CDT]:NORMAL Excepcion: Login: validaLogin Res: Verdadero User:sistemasPassword: dasta1234
[24/10/2019 10:13:23 CDT]:NORMAL Excepcion: INICIO DE APLICACION
[24/10/2019 10:13:23 CDT]:NORMAL Excepcion: CARGA DE LIBRERIAS
[24/10/2019 10:13:24 CDT]:NORMAL Excepcion: Login: Accion: showLogin
[24/10/2019 10:13:30 CDT]:NORMAL Excepcion: Login: Accion: validaLogin
[24/10/2019 10:13:30 CDT]:NORMAL Excepcion: Login: validaLogin Res: Verdadero User:sistemasPassword: dasta1234
[24/10/2019 10:14:34 CDT]:NORMAL Excepcion: INICIO DE APLICACION
[24/10/2019 10:14:34 CDT]:NORMAL Excepcion: CARGA DE LIBRERIAS
[24/10/2019 10:14:34 CDT]:NORMAL Excepcion: Login: Accion: showLogin
[24/10/2019 10:14:39 CDT]:NORMAL Excepcion: Login: Accion: validaLogin
[24/10/2019 10:14:39 CDT]:NORMAL Excepcion: Login: validaLogin Res: Verdadero User:sistemasPassword: dasta1234
[24/10/2019 10:20:34 CDT]:NORMAL Excepcion: INICIO DE APLICACION
[24/10/2019 10:20:34 CDT]:NORMAL Excepcion: CARGA DE LIBRERIAS
[24/10/2019 10:20:35 CDT]:NORMAL Excepcion: Login: Accion: showLogin
[24/10/2019 10:20:40 CDT]:NORMAL Excepcion: Login: Accion: validaLogin
[24/10/2019 10:20:40 CDT]:NORMAL Excepcion: Login: validaLogin Res: Verdadero User:sistemasPassword: dasta1234
[24/10/2019 10:21:24 CDT]:NORMAL Excepcion: INICIO DE APLICACION
[24/10/2019 10:21:24 CDT]:NORMAL Excepcion: CARGA DE LIBRERIAS
[24/10/2019 10:21:24 CDT]:NORMAL Excepcion: Login: Accion: showLogin
[24/10/2019 10:21:29 CDT]:NORMAL Excepcion: Login: Accion: validaLogin
[24/10/2019 10:21:29 CDT]:NORMAL Excepcion: Login: validaLogin Res: Verdadero User:sistemasPassword: dasta1234
[24/10/2019 10:22:13 CDT]:NORMAL Excepcion: INICIO DE APLICACION
[24/10/2019 10:22:13 CDT]:NORMAL Excepcion: CARGA DE LIBRERIAS
[24/10/2019 10:22:13 CDT]:NORMAL Excepcion: Login: Accion: showLogin
[24/10/2019 10:22:18 CDT]:NORMAL Excepcion: Login: Accion: validaLogin
[24/10/2019 10:22:18 CDT]:NORMAL Excepcion: Login: validaLogin Res: Verdadero User:sistemasPassword: dasta1234
[24/10/2019 10:23:43 CDT]:NORMAL Excepcion: INICIO DE APLICACION
[24/10/2019 10:23:43 CDT]:NORMAL Excepcion: CARGA DE LIBRERIAS
[24/10/2019 10:23:43 CDT]:NORMAL Excepcion: Login: Accion: showLogin
[24/10/2019 10:23:48 CDT]:NORMAL Excepcion: Login: Accion: validaLogin
[24/10/2019 10:23:48 CDT]:NORMAL Excepcion: Login: validaLogin Res: Verdadero User:sistemasPassword: dasta1234
[24/10/2019 10:33:44 CDT]:NORMAL Excepcion: INICIO DE APLICACION
[24/10/2019 10:33:44 CDT]:NORMAL Excepcion: CARGA DE LIBRERIAS
[24/10/2019 10:33:45 CDT]:NORMAL Excepcion: Login: Accion: showLogin
[24/10/2019 10:33:49 CDT]:NORMAL Excepcion: Login: Accion: validaLogin
[24/10/2019 10:33:49 CDT]:NORMAL Excepcion: Login: validaLogin Res: Verdadero User:sistemasPassword: dasta1234
[24/10/2019 10:35:37 CDT]:NORMAL Excepcion: INICIO DE APLICACION
[24/10/2019 10:35:37 CDT]:NORMAL Excepcion: CARGA DE LIBRERIAS
[24/10/2019 10:35:37 CDT]:NORMAL Excepcion: Login: Accion: showLogin
[24/10/2019 10:35:45 CDT]:NORMAL Excepcion: Login: Accion: validaLogin
[24/10/2019 10:35:45 CDT]:NORMAL Excepcion: Login: validaLogin Res: Verdadero User:sistemasPassword: dasta1234
[24/10/2019 10:36:15 CDT]:NORMAL Excepcion: INICIO DE APLICACION
[24/10/2019 10:36:15 CDT]:NORMAL Excepcion: CARGA DE LIBRERIAS
[24/10/2019 10:36:16 CDT]:NORMAL Excepcion: Login: Accion: showLogin
[24/10/2019 10:36:21 CDT]:NORMAL Excepcion: Login: Accion: validaLogin
[24/10/2019 10:36:21 CDT]:NORMAL Excepcion: Login: validaLogin Res: Verdadero User:sistemasPassword: dasta1234
[24/10/2019 10:36:51 CDT]:NORMAL Excepcion: INICIO DE APLICACION
[24/10/2019 10:36:51 CDT]:NORMAL Excepcion: CARGA DE LIBRERIAS
[24/10/2019 10:36:51 CDT]:NORMAL Excepcion: Login: Accion: showLogin
[24/10/2019 10:36:58 CDT]:NORMAL Excepcion: Login: Accion: validaLogin
[24/10/2019 10:36:58 CDT]:NORMAL Excepcion: Login: validaLogin Res: Verdadero User:sistemasPassword: dasta1234
[24/10/2019 10:40:49 CDT]:NORMAL Excepcion: INICIO DE APLICACION
[24/10/2019 10:40:49 CDT]:NORMAL Excepcion: CARGA DE LIBRERIAS
[24/10/2019 10:40:50 CDT]:NORMAL Excepcion: Login: Accion: showLogin
[24/10/2019 10:40:55 CDT]:NORMAL Excepcion: Login: Accion: validaLogin
[24/10/2019 10:40:55 CDT]:NORMAL Excepcion: Login: validaLogin Res: Verdadero User:sistemasPassword: dasta1234
[24/10/2019 10:42:00 CDT]:NORMAL Excepcion: INICIO DE APLICACION
[24/10/2019 10:42:00 CDT]:NORMAL Excepcion: CARGA DE LIBRERIAS
[24/10/2019 10:42:00 CDT]:NORMAL Excepcion: Login: Accion: showLogin
[24/10/2019 10:42:20 CDT]:NORMAL Excepcion: Login: Accion: validaLogin
[24/10/2019 10:42:21 CDT]:NORMAL Excepcion: Login: validaLogin Res: Verdadero User:sistemasPassword: dasta1234
[24/10/2019 10:46:00 CDT]:NORMAL Excepcion: INICIO DE APLICACION
[24/10/2019 10:46:00 CDT]:NORMAL Excepcion: CARGA DE LIBRERIAS
[24/10/2019 10:46:00 CDT]:NORMAL Excepcion: Login: Accion: showLogin
[24/10/2019 10:46:12 CDT]:NORMAL Excepcion: Login: Accion: validaLogin
[24/10/2019 10:46:12 CDT]:NORMAL Excepcion: Login: validaLogin Res: Verdadero User:sistemasPassword: dasta1234
[24/10/2019 14:55:13 CDT]:NORMAL Excepcion: INICIO DE APLICACION
[24/10/2019 14:55:13 CDT]:NORMAL Excepcion: CARGA DE LIBRERIAS
[24/10/2019 14:55:14 CDT]:NORMAL Excepcion: Login: Accion: showLogin
[24/10/2019 14:55:30 CDT]:NORMAL Excepcion: Login: Accion: validaLogin
[24/10/2019 14:55:31 CDT]:NORMAL Excepcion: Login: Accion: validaLogin
[24/10/2019 14:55:32 CDT]:NORMAL Excepcion: Login: Accion: validaLogin
[24/10/2019 14:55:32 CDT]:NORMAL Excepcion: Login: Accion: validaLogin
[24/10/2019 14:57:44 CDT]:NORMAL Excepcion: INICIO DE APLICACION
[24/10/2019 14:57:44 CDT]:NORMAL Excepcion: CARGA DE LIBRERIAS
[24/10/2019 14:57:44 CDT]:NORMAL Excepcion: Login: Accion: showLogin
[24/10/2019 14:57:53 CDT]:NORMAL Excepcion: Login: Accion: validaLogin
[24/10/2019 14:57:53 CDT]:NORMAL Excepcion: Login: validaLogin Res: Verdadero User:sistemasPassword: dasta1234
[24/10/2019 16:14:51 CDT]:NORMAL Excepcion: INICIO DE APLICACION
[24/10/2019 16:14:51 CDT]:NORMAL Excepcion: CARGA DE LIBRERIAS
[24/10/2019 16:14:52 CDT]:NORMAL Excepcion: Login: Accion: showLogin
[24/10/2019 16:17:37 CDT]:NORMAL Excepcion: Login: Accion: validaLogin
[24/10/2019 16:17:37 CDT]:NORMAL Excepcion: Login: validaLogin Res: Verdadero User:sistemasPassword: dasta1234
